app/build/intermediates/manifest_merge_blame_file/debug/manifest-merger-blame-debug-report.txt
1<?xml version="1.0" encoding="utf-8"?>
2<manifest xmlns:android="http://schemas.android.com/apk/res/android"
3    package="com.zeeshanelahi.barcodescanningdemostrationapp"
4    android:versionCode="1"
5    android:versionName="1.0" >
6
7    <uses-sdk
8        android:minSdkVersion="26"
8-->src\main\AndroidManifest.xml
9        android:targetSdkVersion="28" />
9-->src\main\AndroidManifest.xml
10
11    <uses-feature android:name="android.hardware.camera.autofocus" />
11-->src\main\AndroidManifest.xml:29:1-66
11-->src\main\AndroidManifest.xml:29:15-63
12    <uses-feature android:name="android.hardware.camera" />
12-->src\main\AndroidManifest.xml:30:1-56
12-->src\main\AndroidManifest.xml:30:15-53
13
14    <uses-permission android:name="android.permission.CAMERA" />
14-->src\main\AndroidManifest.xml:32:1-61
14-->src\main\AndroidManifest.xml:32:18-58
15
16    <!-- Although the *SdkVersion is captured in gradle build files, this is required for non gradle builds -->
17    <!-- <uses-sdk android:minSdkVersion="14"/> -->
18    <uses-permission android:name="android.permission.ACCESS_NETWORK_STATE" />
18-->[com.google.android.datatransport:transport-backend-cct:2.2.2] AndroidManifest.xml:25:5-79
18-->[com.google.android.datatransport:transport-backend-cct:2.2.2] AndroidManifest.xml:25:22-76
19    <uses-permission android:name="android.permission.INTERNET" />
19-->[com.google.android.datatransport:transport-backend-cct:2.2.2] AndroidManifest.xml:26:5-67
19-->[com.google.android.datatransport:transport-backend-cct:2.2.2] AndroidManifest.xml:26:22-64
20
21    <application
21-->src\main\AndroidManifest.xml:5:1-27:15
22        android:allowBackup="true"
22-->src\main\AndroidManifest.xml:6:5-31
23        android:appComponentFactory="androidx.core.app.CoreComponentFactory"
23-->[androidx.core:core:1.1.0] AndroidManifest.xml:24:18-86
24        android:debuggable="true"
25        android:extractNativeLibs="false"
26        android:icon="@mipmap/ic_launcher"
26-->src\main\AndroidManifest.xml:7:5-39
27        android:label="@string/app_name"
27-->src\main\AndroidManifest.xml:8:5-37
28        android:roundIcon="@mipmap/ic_launcher_round"
28-->src\main\AndroidManifest.xml:9:5-50
29        android:supportsRtl="true"
29-->src\main\AndroidManifest.xml:10:5-31
30        android:theme="@style/AppTheme" >
30-->src\main\AndroidManifest.xml:11:5-36
31        <meta-data
31-->src\main\AndroidManifest.xml:13:5-15:64
32            android:name="com.google.android.gms.version"
32-->src\main\AndroidManifest.xml:14:9-54
33            android:value="@integer/google_play_services_version" />
33-->src\main\AndroidManifest.xml:15:9-62
34
35        <activity
35-->src\main\AndroidManifest.xml:17:5-25:16
36            android:name="com.zeeshanelahi.barcodescannerandcameraxdemo.BarcodeScannerActivity"
36-->src\main\AndroidManifest.xml:17:15-98
37            android:screenOrientation="portrait"
37-->src\main\AndroidManifest.xml:19:9-45
38            android:theme="@style/AppTheme.NoActionBar" >
38-->src\main\AndroidManifest.xml:18:9-52
39            <intent-filter>
39-->src\main\AndroidManifest.xml:20:9-24:25
40                <action android:name="android.intent.action.MAIN" />
40-->src\main\AndroidManifest.xml:21:13-65
40-->src\main\AndroidManifest.xml:21:21-62
41
42                <category android:name="android.intent.category.LAUNCHER" />
42-->src\main\AndroidManifest.xml:23:13-73
42-->src\main\AndroidManifest.xml:23:23-70
43            </intent-filter>
44        </activity>
45
46        <service
46-->[androidx.room:room-runtime:2.2.5] AndroidManifest.xml:25:9-28:40
47            android:name="androidx.room.MultiInstanceInvalidationService"
47-->[androidx.room:room-runtime:2.2.5] AndroidManifest.xml:26:13-74
48            android:directBootAware="true"
48-->[androidx.room:room-runtime:2.2.5] AndroidManifest.xml:27:13-43
49            android:exported="false" />
49-->[androidx.room:room-runtime:2.2.5] AndroidManifest.xml:28:13-37
50        <service
50-->[com.google.android.gms:play-services-mlkit-barcode-scanning:16.0.0] AndroidManifest.xml:9:9-15:19
51            android:name="com.google.mlkit.common.internal.MlKitComponentDiscoveryService"
51-->[com.google.android.gms:play-services-mlkit-barcode-scanning:16.0.0] AndroidManifest.xml:10:13-91
52            android:directBootAware="true"
52-->[com.google.mlkit:common:16.0.0] AndroidManifest.xml:17:13-43
53            android:exported="false" >
53-->[com.google.android.gms:play-services-mlkit-barcode-scanning:16.0.0] AndroidManifest.xml:11:13-37
54            <meta-data
54-->[com.google.android.gms:play-services-mlkit-barcode-scanning:16.0.0] AndroidManifest.xml:12:13-14:85
55                android:name="com.google.firebase.components:com.google.mlkit.vision.barcode.internal.BarcodeRegistrar"
55-->[com.google.android.gms:play-services-mlkit-barcode-scanning:16.0.0] AndroidManifest.xml:13:17-120
56                android:value="com.google.firebase.components.ComponentRegistrar" />
56-->[com.google.android.gms:play-services-mlkit-barcode-scanning:16.0.0] AndroidManifest.xml:14:17-82
57            <meta-data
57-->[com.google.mlkit:vision-common:16.0.0] AndroidManifest.xml:12:13-14:85
58                android:name="com.google.firebase.components:com.google.mlkit.vision.common.internal.VisionCommonRegistrar"
58-->[com.google.mlkit:vision-common:16.0.0] AndroidManifest.xml:13:17-124
59                android:value="com.google.firebase.components.ComponentRegistrar" />
59-->[com.google.mlkit:vision-common:16.0.0] AndroidManifest.xml:14:17-82
60            <meta-data
60-->[com.google.mlkit:common:16.0.0] AndroidManifest.xml:20:13-22:85
61                android:name="com.google.firebase.components:com.google.mlkit.common.internal.CommonComponentRegistrar"
61-->[com.google.mlkit:common:16.0.0] AndroidManifest.xml:21:17-120
62                android:value="com.google.firebase.components.ComponentRegistrar" />
62-->[com.google.mlkit:common:16.0.0] AndroidManifest.xml:22:17-82
63        </service>
64
65        <provider
65-->[com.google.mlkit:common:16.0.0] AndroidManifest.xml:9:9-13:38
66            android:name="com.google.mlkit.common.internal.MlKitInitProvider"
66-->[com.google.mlkit:common:16.0.0] AndroidManifest.xml:10:13-78
67            android:authorities="com.zeeshanelahi.barcodescanningdemostrationapp.mlkitinitprovider"
67-->[com.google.mlkit:common:16.0.0] AndroidManifest.xml:11:13-69
68            android:exported="false"
68-->[com.google.mlkit:common:16.0.0] AndroidManifest.xml:12:13-37
69            android:initOrder="99" />
69-->[com.google.mlkit:common:16.0.0] AndroidManifest.xml:13:13-35
70
71        <activity
71-->[com.google.android.gms:play-services-base:17.0.0] AndroidManifest.xml:23:9-26:75
72            android:name="com.google.android.gms.common.api.GoogleApiActivity"
72-->[com.google.android.gms:play-services-base:17.0.0] AndroidManifest.xml:24:13-79
73            android:exported="false"
73-->[com.google.android.gms:play-services-base:17.0.0] AndroidManifest.xml:25:13-37
74            android:theme="@android:style/Theme.Translucent.NoTitleBar" />
74-->[com.google.android.gms:play-services-base:17.0.0] AndroidManifest.xml:26:13-72
75
76        <service
76-->[com.google.android.datatransport:transport-backend-cct:2.2.2] AndroidManifest.xml:29:9-35:19
77            android:name="com.google.android.datatransport.runtime.backends.TransportBackendDiscovery"
77-->[com.google.android.datatransport:transport-backend-cct:2.2.2] AndroidManifest.xml:30:13-103
78            android:exported="false" >
78-->[com.google.android.datatransport:transport-backend-cct:2.2.2] AndroidManifest.xml:31:13-37
79            <meta-data
79-->[com.google.android.datatransport:transport-backend-cct:2.2.2] AndroidManifest.xml:32:13-34:39
80                android:name="backend:com.google.android.datatransport.cct.CctBackendFactory"
80-->[com.google.android.datatransport:transport-backend-cct:2.2.2] AndroidManifest.xml:33:17-94
81                android:value="cct" />
81-->[com.google.android.datatransport:transport-backend-cct:2.2.2] AndroidManifest.xml:34:17-36
82        </service>
83        <service
83-->[com.google.android.datatransport:transport-runtime:2.2.2] AndroidManifest.xml:26:9-30:19
84            android:name="com.google.android.datatransport.runtime.scheduling.jobscheduling.JobInfoSchedulerService"
84-->[com.google.android.datatransport:transport-runtime:2.2.2] AndroidManifest.xml:27:13-117
85            android:exported="false"
85-->[com.google.android.datatransport:transport-runtime:2.2.2] AndroidManifest.xml:28:13-37
86            android:permission="android.permission.BIND_JOB_SERVICE" >
86-->[com.google.android.datatransport:transport-runtime:2.2.2] AndroidManifest.xml:29:13-69
87        </service>
88
89        <receiver
89-->[com.google.android.datatransport:transport-runtime:2.2.2] AndroidManifest.xml:32:9-34:40
90            android:name="com.google.android.datatransport.runtime.scheduling.jobscheduling.AlarmManagerSchedulerBroadcastReceiver"
90-->[com.google.android.datatransport:transport-runtime:2.2.2] AndroidManifest.xml:33:13-132
91            android:exported="false" />
91-->[com.google.android.datatransport:transport-runtime:2.2.2] AndroidManifest.xml:34:13-37
92    </application>
93
94</manifest>